<?xml version="1.0" encoding="UTF-8"?>
<!-- Generated by org.testng.reporters.JUnitReportReporter -->
<testsuite hostname="DESKTOP-JOCDJ6C" failures="0" tests="2" name="test_case.Test_Case02" time="4.395" errors="0" timestamp="2022-10-19T00:03:37 IST" skipped="0">
  <testcase classname="test_case.Test_Case02" name="verifybankguru99LogoTC" time="0.133"/>
  <system-out/>
  <testcase classname="test_case.Test_Case02" name="loginTest" time="4.262"/>
  <system-out/>
</testsuite> <!-- test_case.Test_Case02 -->
