<?xml version="1.0" encoding="UTF-8"?>
<!-- Generated by org.testng.reporters.JUnitReportReporter -->
<testsuite hostname="DESKTOP-JOCDJ6C" failures="0" tests="6" name="test_case.Test_Case01" time="22.000" errors="0" timestamp="2022-10-18T22:18:44 IST" skipped="0">
  <testcase classname="test_case.Test_Case01" name="verifybankguru99LogoTC" time="0.178"/>
  <system-out/>
  <testcase classname="test_case.Test_Case01" name="loginTest01" time="1.325"/>
  <system-out/>
  <testcase classname="test_case.Test_Case01" name="loginTest02" time="9.566"/>
  <system-out/>
  <testcase classname="test_case.Test_Case01" name="loginTest03" time="3.152"/>
  <system-out/>
  <testcase classname="test_case.Test_Case01" name="reset" time="4.260"/>
  <system-out/>
  <testcase classname="test_case.Test_Case01" name="loginTest" time="3.519"/>
  <system-out/>
</testsuite> <!-- test_case.Test_Case01 -->
