<?xml version="1.0" encoding="UTF-8"?>
<!-- Generated by org.testng.reporters.JUnitReportReporter -->
<testsuite hostname="DESKTOP-JOCDJ6C" failures="0" tests="6" name="test_case.Test_Case01_Login" time="38.682" errors="0" timestamp="2022-10-26T23:50:09 IST" skipped="0">
  <testcase classname="test_case.Test_Case01_Login" name="verifybankguru99LogoTC" time="0.441"/>
  <system-out/>
  <testcase classname="test_case.Test_Case01_Login" name="loginTest01" time="1.125"/>
  <system-out/>
  <testcase classname="test_case.Test_Case01_Login" name="loginTest02" time="3.691"/>
  <system-out/>
  <testcase classname="test_case.Test_Case01_Login" name="loginTest03" time="5.383"/>
  <system-out/>
  <testcase classname="test_case.Test_Case01_Login" name="reset" time="3.002"/>
  <system-out/>
  <testcase classname="test_case.Test_Case01_Login" name="loginTest" time="25.040"/>
  <system-out/>
</testsuite> <!-- test_case.Test_Case01_Login -->
