<?xml version="1.0" encoding="UTF-8"?>
<!-- Generated by org.testng.reporters.JUnitReportReporter -->
<testsuite hostname="DESKTOP-JOCDJ6C" failures="0" tests="6" name="test_case.Test_Case01_Login" time="54.861" errors="0" timestamp="2022-10-22T16:08:55 IST" skipped="0">
  <testcase classname="test_case.Test_Case01_Login" name="verifybankguru99LogoTC" time="0.449"/>
  <system-out/>
  <testcase classname="test_case.Test_Case01_Login" name="loginTest01" time="3.303"/>
  <system-out/>
  <testcase classname="test_case.Test_Case01_Login" name="loginTest02" time="17.081"/>
  <system-out/>
  <testcase classname="test_case.Test_Case01_Login" name="loginTest03" time="21.451"/>
  <system-out/>
  <testcase classname="test_case.Test_Case01_Login" name="reset" time="4.897"/>
  <system-out/>
  <testcase classname="test_case.Test_Case01_Login" name="loginTest" time="7.680"/>
  <system-out/>
</testsuite> <!-- test_case.Test_Case01_Login -->
